[04-Jun-2019 14:36:50 Asia/Tokyo] PHP Fatal error:  Uncaught PDOException: SQLSTATE[HY000] [1049] Unknown database 'sudy' in /Applications/MAMP/htdocs/study/index.php:83
Stack trace:
#0 /Applications/MAMP/htdocs/study/index.php(83): PDO->__construct('mysql:dbname=su...', 'kiwatchi1991', 'orange1212', Array)
#1 {main}
  thrown in /Applications/MAMP/htdocs/study/index.php on line 83
[04-Jun-2019 16:00:56 Asia/Tokyo] PHP Fatal error:  Uncaught PDOException: SQLSTATE[42000]: Syntax error or access violation: 1064 You have an error in your SQL syntax; check the manual that corresponds to your MySQL server version for the right syntax to use near 'dasc' at line 1 in /Applications/MAMP/htdocs/study/index.php:184
Stack trace:
#0 /Applications/MAMP/htdocs/study/index.php(184): PDO->query('SELECT * FROM d...')
#1 {main}
  thrown in /Applications/MAMP/htdocs/study/index.php on line 184
[05-Jun-2019 09:55:22 Asia/Tokyo] PHP Fatal error:  Uncaught PDOException: SQLSTATE[22007]: Invalid datetime format: 1292 Incorrect date value: 'ああ' for column 'date' at row 1 in /Applications/MAMP/htdocs/study/index.php:89
Stack trace:
#0 /Applications/MAMP/htdocs/study/index.php(89): PDOStatement->execute(Array)
#1 {main}
  thrown in /Applications/MAMP/htdocs/study/index.php on line 89
[05-Jun-2019 10:00:04 Asia/Tokyo] PHP Fatal error:  Uncaught PDOException: SQLSTATE[22007]: Invalid datetime format: 1292 Incorrect date value: 'ああ' for column 'date' at row 1 in /Applications/MAMP/htdocs/study/index.php:89
Stack trace:
#0 /Applications/MAMP/htdocs/study/index.php(89): PDOStatement->execute(Array)
#1 {main}
  thrown in /Applications/MAMP/htdocs/study/index.php on line 89
[05-Jun-2019 10:00:04 Asia/Tokyo] PHP Fatal error:  Uncaught PDOException: SQLSTATE[22007]: Invalid datetime format: 1292 Incorrect date value: 'ああ' for column 'date' at row 1 in /Applications/MAMP/htdocs/study/index.php:89
Stack trace:
#0 /Applications/MAMP/htdocs/study/index.php(89): PDOStatement->execute(Array)
#1 {main}
  thrown in /Applications/MAMP/htdocs/study/index.php on line 89
[05-Jun-2019 10:29:27 Asia/Tokyo] デバッグ：「「「「「「「「「「「「「「「「「「「「「「「「「「「「「「「「「「「「「「「「
[05-Jun-2019 10:29:27 Asia/Tokyo] デバッグ：　「　トップページ　」　
[05-Jun-2019 10:29:27 Asia/Tokyo] デバッグ：「「「「「「「「「「「「「「「「「「「「「「「「「「「「「「「「「「「「「「「「
[05-Jun-2019 10:29:27 Asia/Tokyo] デバッグ：>>>>>>>>>>>>>>>>>>>>>>>>>>>>>>>>>>>>>>>>>>>>>>.画面表示処理開始
[05-Jun-2019 10:29:27 Asia/Tokyo] デバッグ：現在日時タイムスタンプ：1559698167
[05-Jun-2019 10:34:50 Asia/Tokyo] デバッグ：「「「「「「「「「「「「「「「「「「「「「「「「「「「「「「「「「「「「「「「「
[05-Jun-2019 10:34:50 Asia/Tokyo] デバッグ：　「　トップページ　」　
[05-Jun-2019 10:34:50 Asia/Tokyo] デバッグ：「「「「「「「「「「「「「「「「「「「「「「「「「「「「「「「「「「「「「「「「
[05-Jun-2019 10:34:50 Asia/Tokyo] デバッグ：>>>>>>>>>>>>>>>>>>>>>>>>>>>>>>>>>>>>>>>>>>>>>>.画面表示処理開始
[05-Jun-2019 10:34:50 Asia/Tokyo] デバッグ：現在日時タイムスタンプ：1559698490
[05-Jun-2019 10:45:30 Asia/Tokyo] デバッグ：「「「「「「「「「「「「「「「「「「「「「「「「「「「「「「「「「「「「「「「「
[05-Jun-2019 10:45:30 Asia/Tokyo] デバッグ：　「　トップページ　」　
[05-Jun-2019 10:45:30 Asia/Tokyo] デバッグ：「「「「「「「「「「「「「「「「「「「「「「「「「「「「「「「「「「「「「「「「
[05-Jun-2019 10:45:30 Asia/Tokyo] デバッグ：>>>>>>>>>>>>>>>>>>>>>>>>>>>>>>>>>>>>>>>>>>>>>>.画面表示処理開始
[05-Jun-2019 10:45:30 Asia/Tokyo] デバッグ：現在日時タイムスタンプ：1559699130
[05-Jun-2019 10:45:30 Asia/Tokyo] PHP Fatal error:  Uncaught PDOException: SQLSTATE[HY000]: General error: 1366 Incorrect integer value: '６' for column 'day' at row 1 in /Applications/MAMP/htdocs/study/index.php:75
Stack trace:
#0 /Applications/MAMP/htdocs/study/index.php(75): PDOStatement->execute(Array)
#1 {main}
  thrown in /Applications/MAMP/htdocs/study/index.php on line 75
[05-Jun-2019 10:45:36 Asia/Tokyo] デバッグ：「「「「「「「「「「「「「「「「「「「「「「「「「「「「「「「「「「「「「「「「
[05-Jun-2019 10:45:36 Asia/Tokyo] デバッグ：　「　トップページ　」　
[05-Jun-2019 10:45:36 Asia/Tokyo] デバッグ：「「「「「「「「「「「「「「「「「「「「「「「「「「「「「「「「「「「「「「「「
[05-Jun-2019 10:45:36 Asia/Tokyo] デバッグ：>>>>>>>>>>>>>>>>>>>>>>>>>>>>>>>>>>>>>>>>>>>>>>.画面表示処理開始
[05-Jun-2019 10:45:36 Asia/Tokyo] デバッグ：現在日時タイムスタンプ：1559699136
[05-Jun-2019 10:45:42 Asia/Tokyo] デバッグ：「「「「「「「「「「「「「「「「「「「「「「「「「「「「「「「「「「「「「「「「
[05-Jun-2019 10:45:42 Asia/Tokyo] デバッグ：　「　トップページ　」　
[05-Jun-2019 10:45:42 Asia/Tokyo] デバッグ：「「「「「「「「「「「「「「「「「「「「「「「「「「「「「「「「「「「「「「「「
[05-Jun-2019 10:45:42 Asia/Tokyo] デバッグ：>>>>>>>>>>>>>>>>>>>>>>>>>>>>>>>>>>>>>>>>>>>>>>.画面表示処理開始
[05-Jun-2019 10:45:42 Asia/Tokyo] デバッグ：現在日時タイムスタンプ：1559699142
[05-Jun-2019 10:45:42 Asia/Tokyo] デバッグ：「「「「「「「「「「「「「「「「「「「「「「「「「「「「「「「「「「「「「「「「
[05-Jun-2019 10:45:42 Asia/Tokyo] デバッグ：　「　トップページ　」　
[05-Jun-2019 10:45:42 Asia/Tokyo] デバッグ：「「「「「「「「「「「「「「「「「「「「「「「「「「「「「「「「「「「「「「「「
[05-Jun-2019 10:45:42 Asia/Tokyo] デバッグ：>>>>>>>>>>>>>>>>>>>>>>>>>>>>>>>>>>>>>>>>>>>>>>.画面表示処理開始
[05-Jun-2019 10:45:42 Asia/Tokyo] デバッグ：現在日時タイムスタンプ：1559699142
[05-Jun-2019 11:04:19 Asia/Tokyo] デバッグ：「「「「「「「「「「「「「「「「「「「「「「「「「「「「「「「「「「「「「「「「
[05-Jun-2019 11:04:19 Asia/Tokyo] デバッグ：　「　トップページ　」　
[05-Jun-2019 11:04:19 Asia/Tokyo] デバッグ：「「「「「「「「「「「「「「「「「「「「「「「「「「「「「「「「「「「「「「「「
[05-Jun-2019 11:04:19 Asia/Tokyo] デバッグ：>>>>>>>>>>>>>>>>>>>>>>>>>>>>>>>>>>>>>>>>>>>>>>.画面表示処理開始
[05-Jun-2019 11:04:19 Asia/Tokyo] デバッグ：現在日時タイムスタンプ：1559700259
[05-Jun-2019 11:29:03 Asia/Tokyo] デバッグ：「「「「「「「「「「「「「「「「「「「「「「「「「「「「「「「「「「「「「「「「
[05-Jun-2019 11:29:03 Asia/Tokyo] デバッグ：　「　トップページ　」　
[05-Jun-2019 11:29:03 Asia/Tokyo] デバッグ：「「「「「「「「「「「「「「「「「「「「「「「「「「「「「「「「「「「「「「「「
[05-Jun-2019 11:29:03 Asia/Tokyo] デバッグ：>>>>>>>>>>>>>>>>>>>>>>>>>>>>>>>>>>>>>>>>>>>>>>.画面表示処理開始
[05-Jun-2019 11:29:03 Asia/Tokyo] デバッグ：現在日時タイムスタンプ：1559701743
[05-Jun-2019 11:33:33 Asia/Tokyo] デバッグ：「「「「「「「「「「「「「「「「「「「「「「「「「「「「「「「「「「「「「「「「
[05-Jun-2019 11:33:33 Asia/Tokyo] デバッグ：　「　トップページ　」　
[05-Jun-2019 11:33:33 Asia/Tokyo] デバッグ：「「「「「「「「「「「「「「「「「「「「「「「「「「「「「「「「「「「「「「「「
[05-Jun-2019 11:33:33 Asia/Tokyo] デバッグ：>>>>>>>>>>>>>>>>>>>>>>>>>>>>>>>>>>>>>>>>>>>>>>.画面表示処理開始
[05-Jun-2019 11:33:33 Asia/Tokyo] デバッグ：現在日時タイムスタンプ：1559702013
[05-Jun-2019 11:34:53 Asia/Tokyo] デバッグ：「「「「「「「「「「「「「「「「「「「「「「「「「「「「「「「「「「「「「「「「
[05-Jun-2019 11:34:53 Asia/Tokyo] デバッグ：　「　トップページ　」　
[05-Jun-2019 11:34:53 Asia/Tokyo] デバッグ：「「「「「「「「「「「「「「「「「「「「「「「「「「「「「「「「「「「「「「「「
[05-Jun-2019 11:34:53 Asia/Tokyo] デバッグ：>>>>>>>>>>>>>>>>>>>>>>>>>>>>>>>>>>>>>>>>>>>>>>.画面表示処理開始
[05-Jun-2019 11:34:53 Asia/Tokyo] デバッグ：現在日時タイムスタンプ：1559702093
[05-Jun-2019 11:35:20 Asia/Tokyo] デバッグ：「「「「「「「「「「「「「「「「「「「「「「「「「「「「「「「「「「「「「「「「
[05-Jun-2019 11:35:20 Asia/Tokyo] デバッグ：　「　トップページ　」　
[05-Jun-2019 11:35:20 Asia/Tokyo] デバッグ：「「「「「「「「「「「「「「「「「「「「「「「「「「「「「「「「「「「「「「「「
[05-Jun-2019 11:35:20 Asia/Tokyo] デバッグ：>>>>>>>>>>>>>>>>>>>>>>>>>>>>>>>>>>>>>>>>>>>>>>.画面表示処理開始
[05-Jun-2019 11:35:20 Asia/Tokyo] デバッグ：現在日時タイムスタンプ：1559702120
[05-Jun-2019 11:44:39 Asia/Tokyo] デバッグ：「「「「「「「「「「「「「「「「「「「「「「「「「「「「「「「「「「「「「「「「
[05-Jun-2019 11:44:39 Asia/Tokyo] デバッグ：　「　トップページ　」　
[05-Jun-2019 11:44:39 Asia/Tokyo] デバッグ：「「「「「「「「「「「「「「「「「「「「「「「「「「「「「「「「「「「「「「「「
[05-Jun-2019 11:44:39 Asia/Tokyo] デバッグ：>>>>>>>>>>>>>>>>>>>>>>>>>>>>>>>>>>>>>>>>>>>>>>.画面表示処理開始
[05-Jun-2019 11:44:39 Asia/Tokyo] デバッグ：現在日時タイムスタンプ：1559702679
[05-Jun-2019 11:46:51 Asia/Tokyo] デバッグ：「「「「「「「「「「「「「「「「「「「「「「「「「「「「「「「「「「「「「「「「
[05-Jun-2019 11:46:51 Asia/Tokyo] デバッグ：　「　トップページ　」　
[05-Jun-2019 11:46:51 Asia/Tokyo] デバッグ：「「「「「「「「「「「「「「「「「「「「「「「「「「「「「「「「「「「「「「「「
[05-Jun-2019 11:46:51 Asia/Tokyo] デバッグ：>>>>>>>>>>>>>>>>>>>>>>>>>>>>>>>>>>>>>>>>>>>>>>.画面表示処理開始
[05-Jun-2019 11:46:51 Asia/Tokyo] デバッグ：現在日時タイムスタンプ：1559702811
[05-Jun-2019 11:51:54 Asia/Tokyo] デバッグ：「「「「「「「「「「「「「「「「「「「「「「「「「「「「「「「「「「「「「「「「
[05-Jun-2019 11:51:54 Asia/Tokyo] デバッグ：　「　トップページ　」　
[05-Jun-2019 11:51:54 Asia/Tokyo] デバッグ：「「「「「「「「「「「「「「「「「「「「「「「「「「「「「「「「「「「「「「「「
[05-Jun-2019 11:51:54 Asia/Tokyo] デバッグ：>>>>>>>>>>>>>>>>>>>>>>>>>>>>>>>>>>>>>>>>>>>>>>.画面表示処理開始
[05-Jun-2019 11:51:54 Asia/Tokyo] デバッグ：現在日時タイムスタンプ：1559703114
[05-Jun-2019 11:53:15 Asia/Tokyo] デバッグ：「「「「「「「「「「「「「「「「「「「「「「「「「「「「「「「「「「「「「「「「
[05-Jun-2019 11:53:15 Asia/Tokyo] デバッグ：　「　トップページ　」　
[05-Jun-2019 11:53:15 Asia/Tokyo] デバッグ：「「「「「「「「「「「「「「「「「「「「「「「「「「「「「「「「「「「「「「「「
[05-Jun-2019 11:53:15 Asia/Tokyo] デバッグ：>>>>>>>>>>>>>>>>>>>>>>>>>>>>>>>>>>>>>>>>>>>>>>.画面表示処理開始
[05-Jun-2019 11:53:15 Asia/Tokyo] デバッグ：現在日時タイムスタンプ：1559703195
[05-Jun-2019 11:53:28 Asia/Tokyo] デバッグ：「「「「「「「「「「「「「「「「「「「「「「「「「「「「「「「「「「「「「「「「
[05-Jun-2019 11:53:28 Asia/Tokyo] デバッグ：　「　トップページ　」　
[05-Jun-2019 11:53:28 Asia/Tokyo] デバッグ：「「「「「「「「「「「「「「「「「「「「「「「「「「「「「「「「「「「「「「「「
[05-Jun-2019 11:53:28 Asia/Tokyo] デバッグ：>>>>>>>>>>>>>>>>>>>>>>>>>>>>>>>>>>>>>>>>>>>>>>.画面表示処理開始
[05-Jun-2019 11:53:28 Asia/Tokyo] デバッグ：現在日時タイムスタンプ：1559703208
[05-Jun-2019 11:53:28 Asia/Tokyo] デバッグ：POST送信があります。
[05-Jun-2019 11:53:28 Asia/Tokyo] PHP Notice:  Undefined variable: day in /Applications/MAMP/htdocs/study/index.php on line 26
[05-Jun-2019 11:53:28 Asia/Tokyo] PHP Notice:  Undefined variable: day in /Applications/MAMP/htdocs/study/index.php on line 32
[05-Jun-2019 11:54:12 Asia/Tokyo] デバッグ：「「「「「「「「「「「「「「「「「「「「「「「「「「「「「「「「「「「「「「「「
[05-Jun-2019 11:54:12 Asia/Tokyo] デバッグ：　「　トップページ　」　
[05-Jun-2019 11:54:12 Asia/Tokyo] デバッグ：「「「「「「「「「「「「「「「「「「「「「「「「「「「「「「「「「「「「「「「「
[05-Jun-2019 11:54:12 Asia/Tokyo] デバッグ：>>>>>>>>>>>>>>>>>>>>>>>>>>>>>>>>>>>>>>>>>>>>>>.画面表示処理開始
[05-Jun-2019 11:54:12 Asia/Tokyo] デバッグ：現在日時タイムスタンプ：1559703252
[05-Jun-2019 11:54:12 Asia/Tokyo] デバッグ：POST送信があります。
[05-Jun-2019 11:54:12 Asia/Tokyo] PHP Notice:  Undefined variable: day in /Applications/MAMP/htdocs/study/index.php on line 32
[05-Jun-2019 11:54:22 Asia/Tokyo] デバッグ：「「「「「「「「「「「「「「「「「「「「「「「「「「「「「「「「「「「「「「「「
[05-Jun-2019 11:54:22 Asia/Tokyo] デバッグ：　「　トップページ　」　
[05-Jun-2019 11:54:22 Asia/Tokyo] デバッグ：「「「「「「「「「「「「「「「「「「「「「「「「「「「「「「「「「「「「「「「「
[05-Jun-2019 11:54:22 Asia/Tokyo] デバッグ：>>>>>>>>>>>>>>>>>>>>>>>>>>>>>>>>>>>>>>>>>>>>>>.画面表示処理開始
[05-Jun-2019 11:54:22 Asia/Tokyo] デバッグ：現在日時タイムスタンプ：1559703262
[05-Jun-2019 11:54:22 Asia/Tokyo] デバッグ：POST送信があります。
[05-Jun-2019 11:54:43 Asia/Tokyo] デバッグ：「「「「「「「「「「「「「「「「「「「「「「「「「「「「「「「「「「「「「「「「
[05-Jun-2019 11:54:43 Asia/Tokyo] デバッグ：　「　トップページ　」　
[05-Jun-2019 11:54:43 Asia/Tokyo] デバッグ：「「「「「「「「「「「「「「「「「「「「「「「「「「「「「「「「「「「「「「「「
[05-Jun-2019 11:54:43 Asia/Tokyo] デバッグ：>>>>>>>>>>>>>>>>>>>>>>>>>>>>>>>>>>>>>>>>>>>>>>.画面表示処理開始
[05-Jun-2019 11:54:43 Asia/Tokyo] デバッグ：現在日時タイムスタンプ：1559703283
[05-Jun-2019 11:54:43 Asia/Tokyo] デバッグ：POST送信があります。
[05-Jun-2019 12:00:02 Asia/Tokyo] デバッグ：「「「「「「「「「「「「「「「「「「「「「「「「「「「「「「「「「「「「「「「「
[05-Jun-2019 12:00:02 Asia/Tokyo] デバッグ：　「　トップページ　」　
[05-Jun-2019 12:00:02 Asia/Tokyo] デバッグ：「「「「「「「「「「「「「「「「「「「「「「「「「「「「「「「「「「「「「「「「
[05-Jun-2019 12:00:02 Asia/Tokyo] デバッグ：>>>>>>>>>>>>>>>>>>>>>>>>>>>>>>>>>>>>>>>>>>>>>>.画面表示処理開始
[05-Jun-2019 12:00:02 Asia/Tokyo] デバッグ：現在日時タイムスタンプ：1559703602
[05-Jun-2019 12:00:02 Asia/Tokyo] デバッグ：POST送信があります。
[05-Jun-2019 12:18:57 Asia/Tokyo] デバッグ：「「「「「「「「「「「「「「「「「「「「「「「「「「「「「「「「「「「「「「「「
[05-Jun-2019 12:18:57 Asia/Tokyo] デバッグ：　「　トップページ　」　
[05-Jun-2019 12:18:57 Asia/Tokyo] デバッグ：「「「「「「「「「「「「「「「「「「「「「「「「「「「「「「「「「「「「「「「「
[05-Jun-2019 12:18:57 Asia/Tokyo] デバッグ：>>>>>>>>>>>>>>>>>>>>>>>>>>>>>>>>>>>>>>>>>>>>>>.画面表示処理開始
[05-Jun-2019 12:18:57 Asia/Tokyo] デバッグ：現在日時タイムスタンプ：1559704737
[05-Jun-2019 12:18:57 Asia/Tokyo] デバッグ：POST送信があります。
[05-Jun-2019 12:30:46 Asia/Tokyo] デバッグ：「「「「「「「「「「「「「「「「「「「「「「「「「「「「「「「「「「「「「「「「
[05-Jun-2019 12:30:46 Asia/Tokyo] デバッグ：　「　トップページ　」　
[05-Jun-2019 12:30:46 Asia/Tokyo] デバッグ：「「「「「「「「「「「「「「「「「「「「「「「「「「「「「「「「「「「「「「「「
[05-Jun-2019 12:30:46 Asia/Tokyo] デバッグ：>>>>>>>>>>>>>>>>>>>>>>>>>>>>>>>>>>>>>>>>>>>>>>.画面表示処理開始
[05-Jun-2019 12:30:46 Asia/Tokyo] デバッグ：現在日時タイムスタンプ：1559705446
[05-Jun-2019 12:30:46 Asia/Tokyo] デバッグ：POST送信があります。
[05-Jun-2019 12:30:48 Asia/Tokyo] デバッグ：「「「「「「「「「「「「「「「「「「「「「「「「「「「「「「「「「「「「「「「「
[05-Jun-2019 12:30:48 Asia/Tokyo] デバッグ：　「　トップページ　」　
[05-Jun-2019 12:30:48 Asia/Tokyo] デバッグ：「「「「「「「「「「「「「「「「「「「「「「「「「「「「「「「「「「「「「「「「
[05-Jun-2019 12:30:48 Asia/Tokyo] デバッグ：>>>>>>>>>>>>>>>>>>>>>>>>>>>>>>>>>>>>>>>>>>>>>>.画面表示処理開始
[05-Jun-2019 12:30:48 Asia/Tokyo] デバッグ：現在日時タイムスタンプ：1559705448
[05-Jun-2019 12:30:48 Asia/Tokyo] デバッグ：POST送信があります。
[05-Jun-2019 12:31:01 Asia/Tokyo] デバッグ：「「「「「「「「「「「「「「「「「「「「「「「「「「「「「「「「「「「「「「「「
[05-Jun-2019 12:31:01 Asia/Tokyo] デバッグ：　「　トップページ　」　
[05-Jun-2019 12:31:01 Asia/Tokyo] デバッグ：「「「「「「「「「「「「「「「「「「「「「「「「「「「「「「「「「「「「「「「「
[05-Jun-2019 12:31:01 Asia/Tokyo] デバッグ：>>>>>>>>>>>>>>>>>>>>>>>>>>>>>>>>>>>>>>>>>>>>>>.画面表示処理開始
[05-Jun-2019 12:31:01 Asia/Tokyo] デバッグ：現在日時タイムスタンプ：1559705461
[05-Jun-2019 12:31:01 Asia/Tokyo] デバッグ：POST送信があります。
[05-Jun-2019 12:31:01 Asia/Tokyo] デバッグ：バリデーションOKです。
[05-Jun-2019 12:31:01 Asia/Tokyo] デバッグ：「「「「「「「「「「「「「「「「「「「「「「「「「「「「「「「「「「「「「「「「
[05-Jun-2019 12:31:01 Asia/Tokyo] デバッグ：　「　トップページ　」　
[05-Jun-2019 12:31:01 Asia/Tokyo] デバッグ：「「「「「「「「「「「「「「「「「「「「「「「「「「「「「「「「「「「「「「「「
[05-Jun-2019 12:31:01 Asia/Tokyo] デバッグ：>>>>>>>>>>>>>>>>>>>>>>>>>>>>>>>>>>>>>>>>>>>>>>.画面表示処理開始
[05-Jun-2019 12:31:01 Asia/Tokyo] デバッグ：現在日時タイムスタンプ：1559705461
[05-Jun-2019 14:34:48 Asia/Tokyo] デバッグ：「「「「「「「「「「「「「「「「「「「「「「「「「「「「「「「「「「「「「「「「
[05-Jun-2019 14:34:48 Asia/Tokyo] デバッグ：　「　トップページ　」　
[05-Jun-2019 14:34:48 Asia/Tokyo] デバッグ：「「「「「「「「「「「「「「「「「「「「「「「「「「「「「「「「「「「「「「「「
[05-Jun-2019 14:34:48 Asia/Tokyo] デバッグ：>>>>>>>>>>>>>>>>>>>>>>>>>>>>>>>>>>>>>>>>>>>>>>.画面表示処理開始
[05-Jun-2019 14:34:48 Asia/Tokyo] デバッグ：現在日時タイムスタンプ：1559712888
[05-Jun-2019 16:49:14 Asia/Tokyo] デバッグ：「「「「「「「「「「「「「「「「「「「「「「「「「「「「「「「「「「「「「「「「
[05-Jun-2019 16:49:14 Asia/Tokyo] デバッグ：　「　トップページ　」　
[05-Jun-2019 16:49:14 Asia/Tokyo] デバッグ：「「「「「「「「「「「「「「「「「「「「「「「「「「「「「「「「「「「「「「「「
[05-Jun-2019 16:49:14 Asia/Tokyo] デバッグ：>>>>>>>>>>>>>>>>>>>>>>>>>>>>>>>>>>>>>>>>>>>>>>.画面表示処理開始
[05-Jun-2019 16:49:14 Asia/Tokyo] デバッグ：現在日時タイムスタンプ：1559720954
[05-Jun-2019 16:49:27 Asia/Tokyo] デバッグ：「「「「「「「「「「「「「「「「「「「「「「「「「「「「「「「「「「「「「「「「
[05-Jun-2019 16:49:27 Asia/Tokyo] デバッグ：　「　トップページ　」　
[05-Jun-2019 16:49:27 Asia/Tokyo] デバッグ：「「「「「「「「「「「「「「「「「「「「「「「「「「「「「「「「「「「「「「「「
[05-Jun-2019 16:49:27 Asia/Tokyo] デバッグ：>>>>>>>>>>>>>>>>>>>>>>>>>>>>>>>>>>>>>>>>>>>>>>.画面表示処理開始
[05-Jun-2019 16:49:27 Asia/Tokyo] デバッグ：現在日時タイムスタンプ：1559720967
[05-Jun-2019 16:49:27 Asia/Tokyo] デバッグ：POST送信があります。
[05-Jun-2019 16:49:27 Asia/Tokyo] デバッグ：バリデーションOKです。
[05-Jun-2019 16:49:27 Asia/Tokyo] PHP Fatal error:  Uncaught Error: Call to undefined function queryPost() in /Applications/MAMP/htdocs/study/index.php:52
Stack trace:
#0 {main}
  thrown in /Applications/MAMP/htdocs/study/index.php on line 52
[05-Jun-2019 16:49:58 Asia/Tokyo] デバッグ：「「「「「「「「「「「「「「「「「「「「「「「「「「「「「「「「「「「「「「「「
[05-Jun-2019 16:49:58 Asia/Tokyo] デバッグ：　「　トップページ　」　
[05-Jun-2019 16:49:58 Asia/Tokyo] デバッグ：「「「「「「「「「「「「「「「「「「「「「「「「「「「「「「「「「「「「「「「「
[05-Jun-2019 16:49:58 Asia/Tokyo] デバッグ：>>>>>>>>>>>>>>>>>>>>>>>>>>>>>>>>>>>>>>>>>>>>>>.画面表示処理開始
[05-Jun-2019 16:49:58 Asia/Tokyo] デバッグ：現在日時タイムスタンプ：1559720998
[05-Jun-2019 16:50:00 Asia/Tokyo] デバッグ：「「「「「「「「「「「「「「「「「「「「「「「「「「「「「「「「「「「「「「「「
[05-Jun-2019 16:50:00 Asia/Tokyo] デバッグ：　「　トップページ　」　
[05-Jun-2019 16:50:00 Asia/Tokyo] デバッグ：「「「「「「「「「「「「「「「「「「「「「「「「「「「「「「「「「「「「「「「「
[05-Jun-2019 16:50:00 Asia/Tokyo] デバッグ：>>>>>>>>>>>>>>>>>>>>>>>>>>>>>>>>>>>>>>>>>>>>>>.画面表示処理開始
[05-Jun-2019 16:50:00 Asia/Tokyo] デバッグ：現在日時タイムスタンプ：1559721000
[05-Jun-2019 16:50:00 Asia/Tokyo] デバッグ：POST送信があります。
[05-Jun-2019 16:50:00 Asia/Tokyo] デバッグ：バリデーションOKです。
[05-Jun-2019 16:50:00 Asia/Tokyo] デバッグ：クエリ成功。
[05-Jun-2019 16:50:00 Asia/Tokyo] デバッグ：「「「「「「「「「「「「「「「「「「「「「「「「「「「「「「「「「「「「「「「「
[05-Jun-2019 16:50:00 Asia/Tokyo] デバッグ：　「　トップページ　」　
[05-Jun-2019 16:50:00 Asia/Tokyo] デバッグ：「「「「「「「「「「「「「「「「「「「「「「「「「「「「「「「「「「「「「「「「
[05-Jun-2019 16:50:00 Asia/Tokyo] デバッグ：>>>>>>>>>>>>>>>>>>>>>>>>>>>>>>>>>>>>>>>>>>>>>>.画面表示処理開始
[05-Jun-2019 16:50:00 Asia/Tokyo] デバッグ：現在日時タイムスタンプ：1559721000
[05-Jun-2019 17:17:11 Asia/Tokyo] デバッグ：「「「「「「「「「「「「「「「「「「「「「「「「「「「「「「「「「「「「「「「「
[05-Jun-2019 17:17:11 Asia/Tokyo] デバッグ：　「　記事一覧　」　
[05-Jun-2019 17:17:11 Asia/Tokyo] デバッグ：「「「「「「「「「「「「「「「「「「「「「「「「「「「「「「「「「「「「「「「「
[05-Jun-2019 17:17:11 Asia/Tokyo] デバッグ：>>>>>>>>>>>>>>>>>>>>>>>>>>>>>>>>>>>>>>>>>>>>>>.画面表示処理開始
[05-Jun-2019 17:17:11 Asia/Tokyo] デバッグ：現在日時タイムスタンプ：1559722631
[05-Jun-2019 17:17:11 Asia/Tokyo] PHP Notice:  Undefined variable: stmt1 in /Applications/MAMP/htdocs/study/article.php on line 38
[05-Jun-2019 17:17:11 Asia/Tokyo] PHP Warning:  Invalid argument supplied for foreach() in /Applications/MAMP/htdocs/study/article.php on line 38
[05-Jun-2019 17:17:22 Asia/Tokyo] デバッグ：「「「「「「「「「「「「「「「「「「「「「「「「「「「「「「「「「「「「「「「「
[05-Jun-2019 17:17:22 Asia/Tokyo] デバッグ：　「　記事一覧　」　
[05-Jun-2019 17:17:22 Asia/Tokyo] デバッグ：「「「「「「「「「「「「「「「「「「「「「「「「「「「「「「「「「「「「「「「「
[05-Jun-2019 17:17:22 Asia/Tokyo] デバッグ：>>>>>>>>>>>>>>>>>>>>>>>>>>>>>>>>>>>>>>>>>>>>>>.画面表示処理開始
[05-Jun-2019 17:17:22 Asia/Tokyo] デバッグ：現在日時タイムスタンプ：1559722642
[05-Jun-2019 17:34:44 Asia/Tokyo] デバッグ：「「「「「「「「「「「「「「「「「「「「「「「「「「「「「「「「「「「「「「「「
[05-Jun-2019 17:34:44 Asia/Tokyo] デバッグ：　「　記事一覧　」　
[05-Jun-2019 17:34:44 Asia/Tokyo] デバッグ：「「「「「「「「「「「「「「「「「「「「「「「「「「「「「「「「「「「「「「「「
[05-Jun-2019 17:34:44 Asia/Tokyo] デバッグ：>>>>>>>>>>>>>>>>>>>>>>>>>>>>>>>>>>>>>>>>>>>>>>.画面表示処理開始
[05-Jun-2019 17:34:44 Asia/Tokyo] デバッグ：現在日時タイムスタンプ：1559723684
[05-Jun-2019 17:39:51 Asia/Tokyo] デバッグ：「「「「「「「「「「「「「「「「「「「「「「「「「「「「「「「「「「「「「「「「
[05-Jun-2019 17:39:51 Asia/Tokyo] デバッグ：　「　トップページ　」　
[05-Jun-2019 17:39:51 Asia/Tokyo] デバッグ：「「「「「「「「「「「「「「「「「「「「「「「「「「「「「「「「「「「「「「「「
[05-Jun-2019 17:39:51 Asia/Tokyo] デバッグ：>>>>>>>>>>>>>>>>>>>>>>>>>>>>>>>>>>>>>>>>>>>>>>.画面表示処理開始
[05-Jun-2019 17:39:51 Asia/Tokyo] デバッグ：現在日時タイムスタンプ：1559723991
[05-Jun-2019 17:39:51 Asia/Tokyo] PHP Notice:  Undefined variable: stmt1 in /Applications/MAMP/htdocs/study/index.php on line 154
[05-Jun-2019 17:39:52 Asia/Tokyo] PHP Warning:  Invalid argument supplied for foreach() in /Applications/MAMP/htdocs/study/index.php on line 154
[05-Jun-2019 17:40:49 Asia/Tokyo] デバッグ：「「「「「「「「「「「「「「「「「「「「「「「「「「「「「「「「「「「「「「「「
[05-Jun-2019 17:40:49 Asia/Tokyo] デバッグ：　「　トップページ　」　
[05-Jun-2019 17:40:49 Asia/Tokyo] デバッグ：「「「「「「「「「「「「「「「「「「「「「「「「「「「「「「「「「「「「「「「「
[05-Jun-2019 17:40:49 Asia/Tokyo] デバッグ：>>>>>>>>>>>>>>>>>>>>>>>>>>>>>>>>>>>>>>>>>>>>>>.画面表示処理開始
[05-Jun-2019 17:40:49 Asia/Tokyo] デバッグ：現在日時タイムスタンプ：1559724049
[05-Jun-2019 17:41:45 Asia/Tokyo] デバッグ：「「「「「「「「「「「「「「「「「「「「「「「「「「「「「「「「「「「「「「「「
[05-Jun-2019 17:41:45 Asia/Tokyo] デバッグ：　「　トップページ　」　
[05-Jun-2019 17:41:45 Asia/Tokyo] デバッグ：「「「「「「「「「「「「「「「「「「「「「「「「「「「「「「「「「「「「「「「「
[05-Jun-2019 17:41:45 Asia/Tokyo] デバッグ：>>>>>>>>>>>>>>>>>>>>>>>>>>>>>>>>>>>>>>>>>>>>>>.画面表示処理開始
[05-Jun-2019 17:41:45 Asia/Tokyo] デバッグ：現在日時タイムスタンプ：1559724105
[05-Jun-2019 17:42:00 Asia/Tokyo] デバッグ：「「「「「「「「「「「「「「「「「「「「「「「「「「「「「「「「「「「「「「「「
[05-Jun-2019 17:42:00 Asia/Tokyo] デバッグ：　「　トップページ　」　
[05-Jun-2019 17:42:00 Asia/Tokyo] デバッグ：「「「「「「「「「「「「「「「「「「「「「「「「「「「「「「「「「「「「「「「「
[05-Jun-2019 17:42:00 Asia/Tokyo] デバッグ：>>>>>>>>>>>>>>>>>>>>>>>>>>>>>>>>>>>>>>>>>>>>>>.画面表示処理開始
[05-Jun-2019 17:42:00 Asia/Tokyo] デバッグ：現在日時タイムスタンプ：1559724120
[05-Jun-2019 17:42:02 Asia/Tokyo] デバッグ：「「「「「「「「「「「「「「「「「「「「「「「「「「「「「「「「「「「「「「「「
[05-Jun-2019 17:42:02 Asia/Tokyo] デバッグ：　「　トップページ　」　
[05-Jun-2019 17:42:02 Asia/Tokyo] デバッグ：「「「「「「「「「「「「「「「「「「「「「「「「「「「「「「「「「「「「「「「「
[05-Jun-2019 17:42:02 Asia/Tokyo] デバッグ：>>>>>>>>>>>>>>>>>>>>>>>>>>>>>>>>>>>>>>>>>>>>>>.画面表示処理開始
[05-Jun-2019 17:42:02 Asia/Tokyo] デバッグ：現在日時タイムスタンプ：1559724122
[05-Jun-2019 17:42:36 Asia/Tokyo] デバッグ：「「「「「「「「「「「「「「「「「「「「「「「「「「「「「「「「「「「「「「「「
[05-Jun-2019 17:42:36 Asia/Tokyo] デバッグ：　「　トップページ　」　
[05-Jun-2019 17:42:36 Asia/Tokyo] デバッグ：「「「「「「「「「「「「「「「「「「「「「「「「「「「「「「「「「「「「「「「「
[05-Jun-2019 17:42:36 Asia/Tokyo] デバッグ：>>>>>>>>>>>>>>>>>>>>>>>>>>>>>>>>>>>>>>>>>>>>>>.画面表示処理開始
[05-Jun-2019 17:42:36 Asia/Tokyo] デバッグ：現在日時タイムスタンプ：1559724156
[05-Jun-2019 17:42:41 Asia/Tokyo] デバッグ：「「「「「「「「「「「「「「「「「「「「「「「「「「「「「「「「「「「「「「「「
[05-Jun-2019 17:42:41 Asia/Tokyo] デバッグ：　「　トップページ　」　
[05-Jun-2019 17:42:41 Asia/Tokyo] デバッグ：「「「「「「「「「「「「「「「「「「「「「「「「「「「「「「「「「「「「「「「「
[05-Jun-2019 17:42:41 Asia/Tokyo] デバッグ：>>>>>>>>>>>>>>>>>>>>>>>>>>>>>>>>>>>>>>>>>>>>>>.画面表示処理開始
[05-Jun-2019 17:42:41 Asia/Tokyo] デバッグ：現在日時タイムスタンプ：1559724161
[05-Jun-2019 17:43:12 Asia/Tokyo] デバッグ：「「「「「「「「「「「「「「「「「「「「「「「「「「「「「「「「「「「「「「「「
[05-Jun-2019 17:43:12 Asia/Tokyo] デバッグ：　「　トップページ　」　
[05-Jun-2019 17:43:12 Asia/Tokyo] デバッグ：「「「「「「「「「「「「「「「「「「「「「「「「「「「「「「「「「「「「「「「「
[05-Jun-2019 17:43:12 Asia/Tokyo] デバッグ：>>>>>>>>>>>>>>>>>>>>>>>>>>>>>>>>>>>>>>>>>>>>>>.画面表示処理開始
[05-Jun-2019 17:43:12 Asia/Tokyo] デバッグ：現在日時タイムスタンプ：1559724192
[05-Jun-2019 17:44:24 Asia/Tokyo] デバッグ：「「「「「「「「「「「「「「「「「「「「「「「「「「「「「「「「「「「「「「「「
[05-Jun-2019 17:44:24 Asia/Tokyo] デバッグ：　「　記事一覧　」　
[05-Jun-2019 17:44:24 Asia/Tokyo] デバッグ：「「「「「「「「「「「「「「「「「「「「「「「「「「「「「「「「「「「「「「「「
[05-Jun-2019 17:44:24 Asia/Tokyo] デバッグ：>>>>>>>>>>>>>>>>>>>>>>>>>>>>>>>>>>>>>>>>>>>>>>.画面表示処理開始
[05-Jun-2019 17:44:24 Asia/Tokyo] デバッグ：現在日時タイムスタンプ：1559724264
[05-Jun-2019 17:44:56 Asia/Tokyo] デバッグ：「「「「「「「「「「「「「「「「「「「「「「「「「「「「「「「「「「「「「「「「
[05-Jun-2019 17:44:56 Asia/Tokyo] デバッグ：　「　記事一覧　」　
[05-Jun-2019 17:44:56 Asia/Tokyo] デバッグ：「「「「「「「「「「「「「「「「「「「「「「「「「「「「「「「「「「「「「「「「
[05-Jun-2019 17:44:56 Asia/Tokyo] デバッグ：>>>>>>>>>>>>>>>>>>>>>>>>>>>>>>>>>>>>>>>>>>>>>>.画面表示処理開始
[05-Jun-2019 17:44:56 Asia/Tokyo] デバッグ：現在日時タイムスタンプ：1559724296
[05-Jun-2019 17:45:03 Asia/Tokyo] デバッグ：「「「「「「「「「「「「「「「「「「「「「「「「「「「「「「「「「「「「「「「「
[05-Jun-2019 17:45:03 Asia/Tokyo] デバッグ：　「　トップページ　」　
[05-Jun-2019 17:45:03 Asia/Tokyo] デバッグ：「「「「「「「「「「「「「「「「「「「「「「「「「「「「「「「「「「「「「「「「
[05-Jun-2019 17:45:03 Asia/Tokyo] デバッグ：>>>>>>>>>>>>>>>>>>>>>>>>>>>>>>>>>>>>>>>>>>>>>>.画面表示処理開始
[05-Jun-2019 17:45:03 Asia/Tokyo] デバッグ：現在日時タイムスタンプ：1559724303
[05-Jun-2019 17:46:24 Asia/Tokyo] デバッグ：「「「「「「「「「「「「「「「「「「「「「「「「「「「「「「「「「「「「「「「「
[05-Jun-2019 17:46:24 Asia/Tokyo] デバッグ：　「　トップページ　」　
[05-Jun-2019 17:46:24 Asia/Tokyo] デバッグ：「「「「「「「「「「「「「「「「「「「「「「「「「「「「「「「「「「「「「「「「
[05-Jun-2019 17:46:24 Asia/Tokyo] デバッグ：>>>>>>>>>>>>>>>>>>>>>>>>>>>>>>>>>>>>>>>>>>>>>>.画面表示処理開始
[05-Jun-2019 17:46:24 Asia/Tokyo] デバッグ：現在日時タイムスタンプ：1559724384
[05-Jun-2019 17:46:48 Asia/Tokyo] デバッグ：「「「「「「「「「「「「「「「「「「「「「「「「「「「「「「「「「「「「「「「「
[05-Jun-2019 17:46:48 Asia/Tokyo] デバッグ：　「　トップページ　」　
[05-Jun-2019 17:46:48 Asia/Tokyo] デバッグ：「「「「「「「「「「「「「「「「「「「「「「「「「「「「「「「「「「「「「「「「
[05-Jun-2019 17:46:48 Asia/Tokyo] デバッグ：>>>>>>>>>>>>>>>>>>>>>>>>>>>>>>>>>>>>>>>>>>>>>>.画面表示処理開始
[05-Jun-2019 17:46:48 Asia/Tokyo] デバッグ：現在日時タイムスタンプ：1559724408
[05-Jun-2019 17:47:49 Asia/Tokyo] デバッグ：「「「「「「「「「「「「「「「「「「「「「「「「「「「「「「「「「「「「「「「「
[05-Jun-2019 17:47:49 Asia/Tokyo] デバッグ：　「　トップページ　」　
[05-Jun-2019 17:47:49 Asia/Tokyo] デバッグ：「「「「「「「「「「「「「「「「「「「「「「「「「「「「「「「「「「「「「「「「
[05-Jun-2019 17:47:49 Asia/Tokyo] デバッグ：>>>>>>>>>>>>>>>>>>>>>>>>>>>>>>>>>>>>>>>>>>>>>>.画面表示処理開始
[05-Jun-2019 17:47:49 Asia/Tokyo] デバッグ：現在日時タイムスタンプ：1559724469
[05-Jun-2019 17:47:52 Asia/Tokyo] デバッグ：「「「「「「「「「「「「「「「「「「「「「「「「「「「「「「「「「「「「「「「「
[05-Jun-2019 17:47:52 Asia/Tokyo] デバッグ：　「　記事一覧　」　
[05-Jun-2019 17:47:52 Asia/Tokyo] デバッグ：「「「「「「「「「「「「「「「「「「「「「「「「「「「「「「「「「「「「「「「「
[05-Jun-2019 17:47:52 Asia/Tokyo] デバッグ：>>>>>>>>>>>>>>>>>>>>>>>>>>>>>>>>>>>>>>>>>>>>>>.画面表示処理開始
[05-Jun-2019 17:47:52 Asia/Tokyo] デバッグ：現在日時タイムスタンプ：1559724472
[05-Jun-2019 17:47:55 Asia/Tokyo] デバッグ：「「「「「「「「「「「「「「「「「「「「「「「「「「「「「「「「「「「「「「「「
[05-Jun-2019 17:47:55 Asia/Tokyo] デバッグ：　「　トップページ　」　
[05-Jun-2019 17:47:55 Asia/Tokyo] デバッグ：「「「「「「「「「「「「「「「「「「「「「「「「「「「「「「「「「「「「「「「「
[05-Jun-2019 17:47:55 Asia/Tokyo] デバッグ：>>>>>>>>>>>>>>>>>>>>>>>>>>>>>>>>>>>>>>>>>>>>>>.画面表示処理開始
[05-Jun-2019 17:47:55 Asia/Tokyo] デバッグ：現在日時タイムスタンプ：1559724475
